# 汇编语言02

c语言代码

```c
int sum(int x, int y) {
	return x + y;
}

int main(int argc, char *argv[]) {
	int x = 1;
	int y = 10;
	int result = sum(x, y);
	return 0;
}
```

对应的汇编代码

```assembly
	.section	__TEXT,__text,regular,pure_instructions
	.build_version macos, 12, 0	sdk_version 12, 0
	.globl	_sum                            ## -- Begin function sum
	.p2align	4, 0x90
_sum:                                   ## @sum
	.cfi_startproc
## %bb.0:
	pushq	%rbp
	.cfi_def_cfa_offset 16
	.cfi_offset %rbp, -16
	movq	%rsp, %rbp
	.cfi_def_cfa_register %rbp
	movl	%edi, -4(%rbp)
	movl	%esi, -8(%rbp)
	movl	-4(%rbp), %eax
	addl	-8(%rbp), %eax
	popq	%rbp
	retq
	.cfi_endproc
                                        ## -- End function
	.globl	_main                           ## -- Begin function main
	.p2align	4, 0x90
_main:                                  ## @main
	.cfi_startproc
## %bb.0:
	pushq	%rbp
	.cfi_def_cfa_offset 16
	.cfi_offset %rbp, -16
	movq	%rsp, %rbp
	.cfi_def_cfa_register %rbp
	subq	$32, %rsp
	movl	$0, -4(%rbp)
	movl	%edi, -8(%rbp)
	movq	%rsi, -16(%rbp)
	movl	$1, -20(%rbp)
	movl	$10, -24(%rbp)
	movl	-20(%rbp), %edi
	movl	-24(%rbp), %esi
	callq	_sum
	movl	%eax, %ecx
	xorl	%eax, %eax
	movl	%ecx, -28(%rbp)
	addq	$32, %rsp
	popq	%rbp
	retq
	.cfi_endproc
                                        ## -- End function
.subsections_via_symbols

```

AT&T类型的汇编代码格式源操作数在前，目的操作数在后。

我们看一下执行代码



```bash
(lldb) register read/a
General Purpose Registers:
       rax = 0x0000000100074010  dyld`dyld4::sConfigBuffer
       rbx = 0x00000001000b8060
       rcx = 0x00007ff7bfeff810
       rdx = 0x00007ff7bfeff6f0
       rdi = 0x0000000000000001
       rsi = 0x000000000000000a
       rbp = 0x00007ff7bfeff5a0
       rsp = 0x00007ff7bfeff580
        r8 = 0x0000000000015bd8
        r9 = 0xffffffff00000000
       r10 = 0x0000000000000000
       r11 = 0x0000000000000246
       r12 = 0x00000001000803a0  dyld`_NSConcreteStackBlock
       r13 = 0x00007ff7bfeff658
       r14 = 0x0000000100003f70  count`main
       r15 = 0x0000000100074010  dyld`dyld4::sConfigBuffer
       rip = 0x0000000100003f9a  count`main + 42
    rflags = 0x0000000000000202
        cs = 0x000000000000002b
        fs = 0x0000000000000000
        gs = 0x0000000000000000

(lldb) disassemble
count`main:
    0x100003f70 <+0>:  pushq  %rbp
    0x100003f71 <+1>:  movq   %rsp, %rbp
    0x100003f74 <+4>:  subq   $0x20, %rsp
    0x100003f78 <+8>:  movl   $0x0, -0x4(%rbp)
    0x100003f7f <+15>: movl   %edi, -0x8(%rbp)
    0x100003f82 <+18>: movq   %rsi, -0x10(%rbp)
    0x100003f86 <+22>: movl   $0x1, -0x14(%rbp)
    0x100003f8d <+29>: movl   $0xa, -0x18(%rbp)
    0x100003f94 <+36>: movl   -0x14(%rbp), %edi
    0x100003f97 <+39>: movl   -0x18(%rbp), %esi
->  0x100003f9a <+42>: callq  0x100003f50               ; sum
    0x100003f9f <+47>: movl   %eax, %ecx
    0x100003fa1 <+49>: xorl   %eax, %eax
    0x100003fa3 <+51>: movl   %ecx, -0x1c(%rbp)
    0x100003fa6 <+54>: addq   $0x20, %rsp
    0x100003faa <+58>: popq   %rbp
    0x100003fab <+59>: retq 
```

我们可以看一下这里首先是将1和10这两个立即数存入了内存中（其实就是这个方法所分配的栈）。

```bash
    0x100003f86 <+22>: movl   $0x1, -0x14(%rbp)
    0x100003f8d <+29>: movl   $0xa, -0x18(%rbp)
```

在接下来的操作中，会把内存位置中的两个数据保存到CPU寄存器rdi和rsi当中。

```bash
    0x100003f94 <+36>: movl   -0x14(%rbp), %edi
    0x100003f97 <+39>: movl   -0x18(%rbp), %esi
```





查看一个内存中的数据

```bash
 s
Process 3253 stopped
* thread #1, queue = 'com.apple.main-thread', stop reason = instruction step into
    frame #0: 0x0000000100003f74 count`main + 4
count`main:
->  0x100003f74 <+4>:  subq   $0x20, %rsp
    0x100003f78 <+8>:  movl   $0x0, -0x4(%rbp)
    0x100003f7f <+15>: movl   %edi, -0x8(%rbp)
    0x100003f82 <+18>: movq   %rsi, -0x10(%rbp)
Target 0: (count) stopped.
(lldb) register x/a
error: command 'register' did not recognize 'x /a' as valid (subcommand might be invalid).
(lldb) register read/a
General Purpose Registers:
       rax = 0x0000000100074010  dyld`dyld4::sConfigBuffer
       rbx = 0x00000001000b8060
       rcx = 0x00007ff7bfeff810
       rdx = 0x00007ff7bfeff6f0
       rdi = 0x0000000000000001
       rsi = 0x00007ff7bfeff6e0
       rbp = 0x00007ff7bfeff5a0
       rsp = 0x00007ff7bfeff5a0
        r8 = 0x000000000001badb
        r9 = 0xffffffff00000000
       r10 = 0x0000000000000000
       r11 = 0x0000000000000246
       r12 = 0x00000001000803a0  dyld`_NSConcreteStackBlock
       r13 = 0x00007ff7bfeff658
       r14 = 0x0000000100003f70  count`main
       r15 = 0x0000000100074010  dyld`dyld4::sConfigBuffer
       rip = 0x0000000100003f74  count`main + 4
    rflags = 0x0000000000000246
        cs = 0x000000000000002b
        fs = 0x0000000000000000
        gs = 0x0000000000000000
```

这里将rsp寄存器中的值复制到rbp寄存器中。rsp寄存器保存的是栈指针，这里用rbp寄存器作为栈指针寄存器使用。但是为什么下一个语句是subq $0x20，%rsp？这里我的理解应该是为这个程序开辟了一块20字节大小的栈空间供这个数据使用。

还有一个问题就是为什么会有下面两条语句的执行

```bash
		0x100003f78 <+8>:  movl   $0x0, -0x4(%rbp)
    0x100003f7f <+15>: movl   %edi, -0x8(%rbp)
```

这两句感觉像是把数据写入内存中，但是写入的是什么呢？这里应该是将两个参数传入到代码中。我们可以通过一种方式验证一下，就是在调用main方法的时候将参数传入即可。



[哈佛大学汇编语言](https://web.stanford.edu/class/archive/cs/cs107/cs107.1166/guide_x86-64.html)

[LLDB Tutorial](https://lldb.llvm.org/use/tutorial.html)

